<?xml version="1.0" encoding="UTF-8"?>
<testng-results skipped="0" failed="0" total="6" passed="6">
  <reporter-output>
  </reporter-output>
  <suite name="Suite" duration-ms="43" started-at="2020-10-06T00:35:59Z" finished-at="2020-10-06T00:35:59Z">
    <groups>
    </groups>
    <test name="Test" duration-ms="43" started-at="2020-10-06T00:35:59Z" finished-at="2020-10-06T00:35:59Z">
      <class name="qaclickacademy.AppiumTest">
        <test-method status="PASS" signature="IOSApps()[pri:0, instance:qaclickacademy.AppiumTest@70be0a2b]" name="IOSApps" duration-ms="14" started-at="2020-10-06T06:05:59Z" finished-at="2020-10-06T06:05:59Z">
          <reporter-output>
          </reporter-output>
        </test-method> <!-- IOSApps -->
        <test-method status="PASS" signature="NativeAPpAndroid()[pri:0, instance:qaclickacademy.AppiumTest@70be0a2b]" name="NativeAPpAndroid" duration-ms="1" started-at="2020-10-06T06:05:59Z" finished-at="2020-10-06T06:05:59Z">
          <reporter-output>
          </reporter-output>
        </test-method> <!-- NativeAPpAndroid -->
      </class> <!-- qaclickacademy.AppiumTest -->
      <class name="qaclickacademy.RESTAPITest">
        <test-method status="PASS" signature="deleteTwitter()[pri:0, instance:qaclickacademy.RESTAPITest@23f7d05d]" name="deleteTwitter" duration-ms="0" started-at="2020-10-06T06:05:59Z" finished-at="2020-10-06T06:05:59Z">
          <reporter-output>
          </reporter-output>
        </test-method> <!-- deleteTwitter -->
        <test-method status="PASS" signature="postJira()[pri:0, instance:qaclickacademy.RESTAPITest@23f7d05d]" name="postJira" duration-ms="1" started-at="2020-10-06T06:05:59Z" finished-at="2020-10-06T06:05:59Z">
          <reporter-output>
          </reporter-output>
        </test-method> <!-- postJira -->
      </class> <!-- qaclickacademy.RESTAPITest -->
      <class name="qaclickacademy.SeleniumTest">
        <test-method status="PASS" signature="BrowserAUtomation()[pri:0, instance:qaclickacademy.SeleniumTest@23986957]" name="BrowserAUtomation" duration-ms="1" started-at="2020-10-06T06:05:59Z" finished-at="2020-10-06T06:05:59Z">
          <reporter-output>
          </reporter-output>
        </test-method> <!-- BrowserAUtomation -->
        <test-method status="PASS" signature="elementsUi()[pri:0, instance:qaclickacademy.SeleniumTest@23986957]" name="elementsUi" duration-ms="1" started-at="2020-10-06T06:05:59Z" finished-at="2020-10-06T06:05:59Z">
          <reporter-output>
          </reporter-output>
        </test-method> <!-- elementsUi -->
      </class> <!-- qaclickacademy.SeleniumTest -->
    </test> <!-- Test -->
  </suite> <!-- Suite -->
</testng-results>
